{"/Users/ayahafiane/Desktop/Projet-en-developpement-main (7)/Projet-en-developpement-main/Projet-en-developpement-aya/src/assets/advil.png": {"path":"/Users/ayahafiane/Desktop/Projet-en-developpement-main (7)/Projet-en-developpement-main/Projet-en-developpement-aya/src/assets/advil.png","statementMap":{},"fnMap":{},"branchMap":{},"s":{},"f":{},"b":{},"meta":{"lastBranch":0,"lastFunction":0,"lastStatement":0,"seen":{}}}
,"/Users/ayahafiane/Desktop/Projet-en-developpement-main (7)/Projet-en-developpement-main/Projet-en-developpement-aya/src/assets/aptamil.png": {"path":"/Users/ayahafiane/Desktop/Projet-en-developpement-main (7)/Projet-en-developpement-main/Projet-en-developpement-aya/src/assets/aptamil.png","statementMap":{},"fnMap":{},"branchMap":{},"s":{},"f":{},"b":{},"meta":{"lastBranch":0,"lastFunction":0,"lastStatement":0,"seen":{}}}
,"/Users/ayahafiane/Desktop/Projet-en-developpement-main (7)/Projet-en-developpement-main/Projet-en-developpement-aya/src/assets/aspirin.png": {"path":"/Users/ayahafiane/Desktop/Projet-en-developpement-main (7)/Projet-en-developpement-main/Projet-en-developpement-aya/src/assets/aspirin.png","statementMap":{},"fnMap":{},"branchMap":{},"s":{},"f":{},"b":{},"meta":{"lastBranch":0,"lastFunction":0,"lastStatement":0,"seen":{}}}
,"/Users/ayahafiane/Desktop/Projet-en-developpement-main (7)/Projet-en-developpement-main/Projet-en-developpement-aya/src/assets/betadine.png": {"path":"/Users/ayahafiane/Desktop/Projet-en-developpement-main (7)/Projet-en-developpement-main/Projet-en-developpement-aya/src/assets/betadine.png","statementMap":{},"fnMap":{},"branchMap":{},"s":{},"f":{},"b":{},"meta":{"lastBranch":0,"lastFunction":0,"lastStatement":0,"seen":{}}}
,"/Users/ayahafiane/Desktop/Projet-en-developpement-main (7)/Projet-en-developpement-main/Projet-en-developpement-aya/src/assets/centrumMen.png": {"path":"/Users/ayahafiane/Desktop/Projet-en-developpement-main (7)/Projet-en-developpement-main/Projet-en-developpement-aya/src/assets/centrumMen.png","statementMap":{},"fnMap":{},"branchMap":{},"s":{},"f":{},"b":{},"meta":{"lastBranch":0,"lastFunction":0,"lastStatement":0,"seen":{}}}
,"/Users/ayahafiane/Desktop/Projet-en-developpement-main (7)/Projet-en-developpement-main/Projet-en-developpement-aya/src/assets/centrumWomen.png": {"path":"/Users/ayahafiane/Desktop/Projet-en-developpement-main (7)/Projet-en-developpement-main/Projet-en-developpement-aya/src/assets/centrumWomen.png","statementMap":{},"fnMap":{},"branchMap":{},"s":{},"f":{},"b":{},"meta":{"lastBranch":0,"lastFunction":0,"lastStatement":0,"seen":{}}}
,"/Users/ayahafiane/Desktop/Projet-en-developpement-main (7)/Projet-en-developpement-main/Projet-en-developpement-aya/src/assets/dulcolax.png": {"path":"/Users/ayahafiane/Desktop/Projet-en-developpement-main (7)/Projet-en-developpement-main/Projet-en-developpement-aya/src/assets/dulcolax.png","statementMap":{},"fnMap":{},"branchMap":{},"s":{},"f":{},"b":{},"meta":{"lastBranch":0,"lastFunction":0,"lastStatement":0,"seen":{}}}
,"/Users/ayahafiane/Desktop/Projet-en-developpement-main (7)/Projet-en-developpement-main/Projet-en-developpement-aya/src/assets/gaviscon.png": {"path":"/Users/ayahafiane/Desktop/Projet-en-developpement-main (7)/Projet-en-developpement-main/Projet-en-developpement-aya/src/assets/gaviscon.png","statementMap":{},"fnMap":{},"branchMap":{},"s":{},"f":{},"b":{},"meta":{"lastBranch":0,"lastFunction":0,"lastStatement":0,"seen":{}}}
,"/Users/ayahafiane/Desktop/Projet-en-developpement-main (7)/Projet-en-developpement-main/Projet-en-developpement-aya/src/assets/hydraSense.png": {"path":"/Users/ayahafiane/Desktop/Projet-en-developpement-main (7)/Projet-en-developpement-main/Projet-en-developpement-aya/src/assets/hydraSense.png","statementMap":{},"fnMap":{},"branchMap":{},"s":{},"f":{},"b":{},"meta":{"lastBranch":0,"lastFunction":0,"lastStatement":0,"seen":{}}}
,"/Users/ayahafiane/Desktop/Projet-en-developpement-main (7)/Projet-en-developpement-main/Projet-en-developpement-aya/src/assets/smecta.png": {"path":"/Users/ayahafiane/Desktop/Projet-en-developpement-main (7)/Projet-en-developpement-main/Projet-en-developpement-aya/src/assets/smecta.png","statementMap":{},"fnMap":{},"branchMap":{},"s":{},"f":{},"b":{},"meta":{"lastBranch":0,"lastFunction":0,"lastStatement":0,"seen":{}}}
,"/Users/ayahafiane/Desktop/Projet-en-developpement-main (7)/Projet-en-developpement-main/Projet-en-developpement-aya/src/assets/tylenol.png": {"path":"/Users/ayahafiane/Desktop/Projet-en-developpement-main (7)/Projet-en-developpement-main/Projet-en-developpement-aya/src/assets/tylenol.png","statementMap":{},"fnMap":{},"branchMap":{},"s":{},"f":{},"b":{},"meta":{"lastBranch":0,"lastFunction":0,"lastStatement":0,"seen":{}}}
,"/Users/ayahafiane/Desktop/Projet-en-developpement-main (7)/Projet-en-developpement-main/Projet-en-developpement-aya/src/assets/vicks.png": {"path":"/Users/ayahafiane/Desktop/Projet-en-developpement-main (7)/Projet-en-developpement-main/Projet-en-developpement-aya/src/assets/vicks.png","statementMap":{},"fnMap":{},"branchMap":{},"s":{},"f":{},"b":{},"meta":{"lastBranch":0,"lastFunction":0,"lastStatement":0,"seen":{}}}
,"/Users/ayahafiane/Desktop/Projet-en-developpement-main (7)/Projet-en-developpement-main/Projet-en-developpement-aya/src/data/produitList.js": {"path":"/Users/ayahafiane/Desktop/Projet-en-developpement-main (7)/Projet-en-developpement-main/Projet-en-developpement-aya/src/data/produitList.js","statementMap":{"0":{"start":{"line":14,"column":23},"end":{"line":99,"column":null}}},"fnMap":{},"branchMap":{},"s":{"0":1},"f":{},"b":{},"meta":{"lastBranch":0,"lastFunction":0,"lastStatement":1,"seen":{"s:14:23:99:Infinity":0}}}
,"/Users/ayahafiane/Desktop/Projet-en-developpement-main (7)/Projet-en-developpement-main/Projet-en-developpement-aya/src/frontend/cartContext/CartContext.jsx": {"path":"/Users/ayahafiane/Desktop/Projet-en-developpement-main (7)/Projet-en-developpement-main/Projet-en-developpement-aya/src/frontend/cartContext/CartContext.jsx","statementMap":{"0":{"start":{"line":3,"column":6},"end":{"line":3,"column":null}},"1":{"start":{"line":4,"column":23},"end":{"line":4,"column":null}},"2":{"start":{"line":7,"column":24},"end":{"line":7,"column":null}},"3":{"start":{"line":9,"column":22},"end":{"line":19,"column":null}},"4":{"start":{"line":10,"column":8},"end":{"line":18,"column":null}},"5":{"start":{"line":11,"column":29},"end":{"line":11,"column":null}},"6":{"start":{"line":11,"column":49},"end":{"line":11,"column":71}},"7":{"start":{"line":12,"column":12},"end":{"line":16,"column":null}},"8":{"start":{"line":13,"column":16},"end":{"line":15,"column":null}},"9":{"start":{"line":14,"column":16},"end":{"line":14,"column":null}},"10":{"start":{"line":17,"column":12},"end":{"line":17,"column":null}},"11":{"start":{"line":20,"column":27},"end":{"line":20,"column":null}},"12":{"start":{"line":20,"column":35},"end":{"line":20,"column":null}},"13":{"start":{"line":20,"column":53},"end":{"line":20,"column":83}},"14":{"start":{"line":20,"column":71},"end":{"line":20,"column":82}},"15":{"start":{"line":21,"column":22},"end":{"line":21,"column":null}},"16":{"start":{"line":21,"column":28},"end":{"line":21,"column":null}},"17":{"start":{"line":23,"column":4},"end":{"line":26,"column":null}}},"fnMap":{"0":{"name":"(anonymous_0)","decl":{"start":{"line":4,"column":23},"end":{"line":4,"column":29}},"loc":{"start":{"line":4,"column":23},"end":{"line":4,"column":null}},"line":4},"1":{"name":"CartProvider","decl":{"start":{"line":6,"column":16},"end":{"line":6,"column":29}},"loc":{"start":{"line":6,"column":41},"end":{"line":28,"column":null}},"line":6},"2":{"name":"(anonymous_2)","decl":{"start":{"line":9,"column":22},"end":{"line":9,"column":23}},"loc":{"start":{"line":9,"column":35},"end":{"line":19,"column":null}},"line":9},"3":{"name":"(anonymous_3)","decl":{"start":{"line":10,"column":16},"end":{"line":10,"column":17}},"loc":{"start":{"line":10,"column":26},"end":{"line":18,"column":9}},"line":10},"4":{"name":"(anonymous_4)","decl":{"start":{"line":11,"column":39},"end":{"line":11,"column":40}},"loc":{"start":{"line":11,"column":49},"end":{"line":11,"column":71}},"line":11},"5":{"name":"(anonymous_5)","decl":{"start":{"line":13,"column":32},"end":{"line":13,"column":33}},"loc":{"start":{"line":14,"column":16},"end":{"line":14,"column":null}},"line":14},"6":{"name":"(anonymous_6)","decl":{"start":{"line":20,"column":27},"end":{"line":20,"column":28}},"loc":{"start":{"line":20,"column":35},"end":{"line":20,"column":null}},"line":20},"7":{"name":"(anonymous_7)","decl":{"start":{"line":20,"column":43},"end":{"line":20,"column":44}},"loc":{"start":{"line":20,"column":53},"end":{"line":20,"column":83}},"line":20},"8":{"name":"(anonymous_8)","decl":{"start":{"line":20,"column":65},"end":{"line":20,"column":66}},"loc":{"start":{"line":20,"column":71},"end":{"line":20,"column":82}},"line":20},"9":{"name":"(anonymous_9)","decl":{"start":{"line":21,"column":22},"end":{"line":21,"column":28}},"loc":{"start":{"line":21,"column":28},"end":{"line":21,"column":null}},"line":21}},"branchMap":{"0":{"loc":{"start":{"line":12,"column":12},"end":{"line":16,"column":null}},"type":"if","locations":[{"start":{"line":12,"column":12},"end":{"line":16,"column":null}},{"start":{},"end":{}}],"line":12},"1":{"loc":{"start":{"line":14,"column":16},"end":{"line":14,"column":null}},"type":"cond-expr","locations":[{"start":{"line":14,"column":41},"end":{"line":14,"column":81}},{"start":{"line":14,"column":81},"end":{"line":14,"column":null}}],"line":14}},"s":{"0":1,"1":19,"2":19,"3":19,"4":9,"5":9,"6":3,"7":9,"8":1,"9":1,"10":8,"11":19,"12":2,"13":2,"14":2,"15":19,"16":1,"17":19},"f":{"0":19,"1":19,"2":9,"3":9,"4":3,"5":1,"6":2,"7":2,"8":2,"9":1},"b":{"0":[1,8],"1":[1,0]},"meta":{"lastBranch":2,"lastFunction":10,"lastStatement":18,"seen":{"s:3:6:3:Infinity":0,"s:4:23:4:Infinity":1,"f:4:23:4:29":0,"f:6:16:6:29":1,"s:7:24:7:Infinity":2,"s:9:22:19:Infinity":3,"f:9:22:9:23":2,"s:10:8:18:Infinity":4,"f:10:16:10:17":3,"s:11:29:11:Infinity":5,"f:11:39:11:40":4,"s:11:49:11:71":6,"b:12:12:16:Infinity:undefined:undefined:undefined:undefined":0,"s:12:12:16:Infinity":7,"s:13:16:15:Infinity":8,"f:13:32:13:33":5,"s:14:16:14:Infinity":9,"b:14:41:14:81:14:81:14:Infinity":1,"s:17:12:17:Infinity":10,"s:20:27:20:Infinity":11,"f:20:27:20:28":6,"s:20:35:20:Infinity":12,"f:20:43:20:44":7,"s:20:53:20:83":13,"f:20:65:20:66":8,"s:20:71:20:82":14,"s:21:22:21:Infinity":15,"f:21:22:21:28":9,"s:21:28:21:Infinity":16,"s:23:4:26:Infinity":17}}}
,"/Users/ayahafiane/Desktop/Projet-en-developpement-main (7)/Projet-en-developpement-main/Projet-en-developpement-aya/src/frontend/login/Login.css": {"path":"/Users/ayahafiane/Desktop/Projet-en-developpement-main (7)/Projet-en-developpement-main/Projet-en-developpement-aya/src/frontend/login/Login.css","statementMap":{},"fnMap":{},"branchMap":{},"s":{},"f":{},"b":{},"meta":{"lastBranch":0,"lastFunction":0,"lastStatement":0,"seen":{}}}
,"/Users/ayahafiane/Desktop/Projet-en-developpement-main (7)/Projet-en-developpement-main/Projet-en-developpement-aya/src/frontend/login/Login.jsx": {"path":"/Users/ayahafiane/Desktop/Projet-en-developpement-main (7)/Projet-en-developpement-main/Projet-en-developpement-aya/src/frontend/login/Login.jsx","statementMap":{"0":{"start":{"line":9,"column":26},"end":{"line":9,"column":null}},"1":{"start":{"line":10,"column":28},"end":{"line":10,"column":null}},"2":{"start":{"line":11,"column":24},"end":{"line":11,"column":null}},"3":{"start":{"line":13,"column":16},"end":{"line":13,"column":null}},"4":{"start":{"line":14,"column":8},"end":{"line":14,"column":null}},"5":{"start":{"line":16,"column":19},"end":{"line":17,"column":null}},"6":{"start":{"line":17,"column":4},"end":{"line":17,"column":null}},"7":{"start":{"line":17,"column":23},"end":{"line":17,"column":49}},"8":{"start":{"line":19,"column":19},"end":{"line":58,"column":null}},"9":{"start":{"line":20,"column":4},"end":{"line":20,"column":null}},"10":{"start":{"line":21,"column":4},"end":{"line":21,"column":null}},"11":{"start":{"line":23,"column":4},"end":{"line":26,"column":null}},"12":{"start":{"line":24,"column":6},"end":{"line":24,"column":null}},"13":{"start":{"line":25,"column":6},"end":{"line":25,"column":null}},"14":{"start":{"line":28,"column":4},"end":{"line":57,"column":null}},"15":{"start":{"line":29,"column":6},"end":{"line":29,"column":null}},"16":{"start":{"line":31,"column":6},"end":{"line":31,"column":null}},"17":{"start":{"line":35,"column":10},"end":{"line":35,"column":null}},"18":{"start":{"line":37,"column":6},"end":{"line":39,"column":null}},"19":{"start":{"line":38,"column":8},"end":{"line":38,"column":null}},"20":{"start":{"line":41,"column":53},"end":{"line":45,"column":null}},"21":{"start":{"line":47,"column":6},"end":{"line":49,"column":null}},"22":{"start":{"line":48,"column":8},"end":{"line":48,"column":null}},"23":{"start":{"line":51,"column":19},"end":{"line":51,"column":null}},"24":{"start":{"line":52,"column":6},"end":{"line":52,"column":null}},"25":{"start":{"line":54,"column":6},"end":{"line":54,"column":null}},"26":{"start":{"line":56,"column":6},"end":{"line":56,"column":null}},"27":{"start":{"line":60,"column":2},"end":{"line":106,"column":null}},"28":{"start":{"line":78,"column":27},"end":{"line":78,"column":null}},"29":{"start":{"line":89,"column":27},"end":{"line":89,"column":null}}},"fnMap":{"0":{"name":"Login","decl":{"start":{"line":8,"column":24},"end":{"line":8,"column":32}},"loc":{"start":{"line":8,"column":32},"end":{"line":108,"column":null}},"line":8},"1":{"name":"(anonymous_1)","decl":{"start":{"line":16,"column":19},"end":{"line":16,"column":20}},"loc":{"start":{"line":17,"column":4},"end":{"line":17,"column":null}},"line":17},"2":{"name":"(anonymous_2)","decl":{"start":{"line":17,"column":14},"end":{"line":17,"column":23}},"loc":{"start":{"line":17,"column":23},"end":{"line":17,"column":49}},"line":17},"3":{"name":"(anonymous_3)","decl":{"start":{"line":19,"column":19},"end":{"line":19,"column":26}},"loc":{"start":{"line":19,"column":32},"end":{"line":58,"column":null}},"line":19},"4":{"name":"(anonymous_4)","decl":{"start":{"line":78,"column":22},"end":{"line":78,"column":27}},"loc":{"start":{"line":78,"column":27},"end":{"line":78,"column":null}},"line":78},"5":{"name":"(anonymous_5)","decl":{"start":{"line":89,"column":22},"end":{"line":89,"column":27}},"loc":{"start":{"line":89,"column":27},"end":{"line":89,"column":null}},"line":89}},"branchMap":{"0":{"loc":{"start":{"line":23,"column":4},"end":{"line":26,"column":null}},"type":"if","locations":[{"start":{"line":23,"column":4},"end":{"line":26,"column":null}},{"start":{},"end":{}}],"line":23},"1":{"loc":{"start":{"line":23,"column":8},"end":{"line":23,"column":43}},"type":"binary-expr","locations":[{"start":{"line":23,"column":8},"end":{"line":23,"column":25}},{"start":{"line":23,"column":25},"end":{"line":23,"column":43}}],"line":23},"2":{"loc":{"start":{"line":37,"column":6},"end":{"line":39,"column":null}},"type":"if","locations":[{"start":{"line":37,"column":6},"end":{"line":39,"column":null}},{"start":{},"end":{}}],"line":37},"3":{"loc":{"start":{"line":47,"column":6},"end":{"line":49,"column":null}},"type":"if","locations":[{"start":{"line":47,"column":6},"end":{"line":49,"column":null}},{"start":{},"end":{}}],"line":47},"4":{"loc":{"start":{"line":51,"column":19},"end":{"line":51,"column":null}},"type":"binary-expr","locations":[{"start":{"line":51,"column":19},"end":{"line":51,"column":36}},{"start":{"line":51,"column":36},"end":{"line":51,"column":null}}],"line":51},"5":{"loc":{"start":{"line":54,"column":15},"end":{"line":54,"column":51}},"type":"binary-expr","locations":[{"start":{"line":54,"column":15},"end":{"line":54,"column":30}},{"start":{"line":54,"column":30},"end":{"line":54,"column":51}}],"line":54},"6":{"loc":{"start":{"line":66,"column":9},"end":{"line":69,"column":null}},"type":"binary-expr","locations":[{"start":{"line":66,"column":9},"end":{"line":66,"column":null}},{"start":{"line":67,"column":10},"end":{"line":69,"column":null}}],"line":66},"7":{"loc":{"start":{"line":102,"column":13},"end":{"line":102,"column":null}},"type":"cond-expr","locations":[{"start":{"line":102,"column":23},"end":{"line":102,"column":40}},{"start":{"line":102,"column":40},"end":{"line":102,"column":null}}],"line":102}},"s":{"0":29,"1":29,"2":29,"3":29,"4":29,"5":29,"6":12,"7":12,"8":29,"9":4,"10":4,"11":4,"12":0,"13":0,"14":4,"15":4,"16":4,"17":3,"18":3,"19":3,"20":0,"21":0,"22":0,"23":0,"24":4,"25":4,"26":4,"27":29,"28":6,"29":6},"f":{"0":29,"1":12,"2":12,"3":4,"4":6,"5":6},"b":{"0":[0,4],"1":[4,4],"2":[3,0],"3":[0,0],"4":[0,0],"5":[4,0],"6":[29,2],"7":[4,25]},"meta":{"lastBranch":8,"lastFunction":6,"lastStatement":30,"seen":{"f:8:24:8:32":0,"s:9:26:9:Infinity":0,"s:10:28:10:Infinity":1,"s:11:24:11:Infinity":2,"s:13:16:13:Infinity":3,"s:14:8:14:Infinity":4,"s:16:19:17:Infinity":5,"f:16:19:16:20":1,"s:17:4:17:Infinity":6,"f:17:14:17:23":2,"s:17:23:17:49":7,"s:19:19:58:Infinity":8,"f:19:19:19:26":3,"s:20:4:20:Infinity":9,"s:21:4:21:Infinity":10,"b:23:4:26:Infinity:undefined:undefined:undefined:undefined":0,"s:23:4:26:Infinity":11,"b:23:8:23:25:23:25:23:43":1,"s:24:6:24:Infinity":12,"s:25:6:25:Infinity":13,"s:28:4:57:Infinity":14,"s:29:6:29:Infinity":15,"s:31:6:31:Infinity":16,"s:35:10:35:Infinity":17,"b:37:6:39:Infinity:undefined:undefined:undefined:undefined":2,"s:37:6:39:Infinity":18,"s:38:8:38:Infinity":19,"s:41:53:45:Infinity":20,"b:47:6:49:Infinity:undefined:undefined:undefined:undefined":3,"s:47:6:49:Infinity":21,"s:48:8:48:Infinity":22,"s:51:19:51:Infinity":23,"b:51:19:51:36:51:36:51:Infinity":4,"s:52:6:52:Infinity":24,"s:54:6:54:Infinity":25,"b:54:15:54:30:54:30:54:51":5,"s:56:6:56:Infinity":26,"s:60:2:106:Infinity":27,"b:66:9:66:Infinity:67:10:69:Infinity":6,"f:78:22:78:27":4,"s:78:27:78:Infinity":28,"f:89:22:89:27":5,"s:89:27:89:Infinity":29,"b:102:23:102:40:102:40:102:Infinity":7}}}
,"/Users/ayahafiane/Desktop/Projet-en-developpement-main (7)/Projet-en-developpement-main/Projet-en-developpement-aya/src/frontend/produitCard/ProduitCard.css": {"path":"/Users/ayahafiane/Desktop/Projet-en-developpement-main (7)/Projet-en-developpement-main/Projet-en-developpement-aya/src/frontend/produitCard/ProduitCard.css","statementMap":{},"fnMap":{},"branchMap":{},"s":{},"f":{},"b":{},"meta":{"lastBranch":0,"lastFunction":0,"lastStatement":0,"seen":{}}}
,"/Users/ayahafiane/Desktop/Projet-en-developpement-main (7)/Projet-en-developpement-main/Projet-en-developpement-aya/src/frontend/produitCard/ProduitCard.jsx": {"path":"/Users/ayahafiane/Desktop/Projet-en-developpement-main (7)/Projet-en-developpement-main/Projet-en-developpement-aya/src/frontend/produitCard/ProduitCard.jsx","statementMap":{"0":{"start":{"line":8,"column":30},"end":{"line":8,"column":null}},"1":{"start":{"line":9,"column":20},"end":{"line":9,"column":null}},"2":{"start":{"line":11,"column":2},"end":{"line":13,"column":null}},"3":{"start":{"line":12,"column":4},"end":{"line":12,"column":null}},"4":{"start":{"line":15,"column":2},"end":{"line":28,"column":null}},"5":{"start":{"line":18,"column":8},"end":{"line":26,"column":null}},"6":{"start":{"line":23,"column":53},"end":{"line":23,"column":67}}},"fnMap":{"0":{"name":"ProduitList","decl":{"start":{"line":7,"column":24},"end":{"line":7,"column":38}},"loc":{"start":{"line":7,"column":38},"end":{"line":30,"column":null}},"line":7},"1":{"name":"(anonymous_1)","decl":{"start":{"line":11,"column":12},"end":{"line":11,"column":18}},"loc":{"start":{"line":11,"column":18},"end":{"line":13,"column":5}},"line":11},"2":{"name":"(anonymous_2)","decl":{"start":{"line":17,"column":20},"end":{"line":17,"column":21}},"loc":{"start":{"line":18,"column":8},"end":{"line":26,"column":null}},"line":18},"3":{"name":"(anonymous_3)","decl":{"start":{"line":23,"column":47},"end":{"line":23,"column":53}},"loc":{"start":{"line":23,"column":53},"end":{"line":23,"column":67}},"line":23}},"branchMap":{},"s":{"0":6,"1":6,"2":6,"3":3,"4":6,"5":36,"6":1},"f":{"0":6,"1":3,"2":36,"3":1},"b":{},"meta":{"lastBranch":0,"lastFunction":4,"lastStatement":7,"seen":{"f:7:24:7:38":0,"s:8:30:8:Infinity":0,"s:9:20:9:Infinity":1,"s:11:2:13:Infinity":2,"f:11:12:11:18":1,"s:12:4:12:Infinity":3,"s:15:2:28:Infinity":4,"f:17:20:17:21":2,"s:18:8:26:Infinity":5,"f:23:47:23:53":3,"s:23:53:23:67":6}}}
,"/Users/ayahafiane/Desktop/Projet-en-developpement-main (7)/Projet-en-developpement-main/Projet-en-developpement-aya/src/frontend/rdv/rdv.css": {"path":"/Users/ayahafiane/Desktop/Projet-en-developpement-main (7)/Projet-en-developpement-main/Projet-en-developpement-aya/src/frontend/rdv/rdv.css","statementMap":{},"fnMap":{},"branchMap":{},"s":{},"f":{},"b":{},"meta":{"lastBranch":0,"lastFunction":0,"lastStatement":0,"seen":{}}}
,"/Users/ayahafiane/Desktop/Projet-en-developpement-main (7)/Projet-en-developpement-main/Projet-en-developpement-aya/src/frontend/rdv/rdv.jsx": {"path":"/Users/ayahafiane/Desktop/Projet-en-developpement-main (7)/Projet-en-developpement-main/Projet-en-developpement-aya/src/frontend/rdv/rdv.jsx","statementMap":{"0":{"start":{"line":15,"column":15},"end":{"line":15,"column":null}},"1":{"start":{"line":17,"column":38},"end":{"line":17,"column":null}},"2":{"start":{"line":18,"column":36},"end":{"line":18,"column":null}},"3":{"start":{"line":19,"column":52},"end":{"line":19,"column":null}},"4":{"start":{"line":20,"column":30},"end":{"line":20,"column":null}},"5":{"start":{"line":22,"column":42},"end":{"line":29,"column":null}},"6":{"start":{"line":31,"column":19},"end":{"line":37,"column":null}},"7":{"start":{"line":39,"column":2},"end":{"line":41,"column":null}},"8":{"start":{"line":40,"column":4},"end":{"line":40,"column":null}},"9":{"start":{"line":44,"column":28},"end":{"line":47,"column":null}},"10":{"start":{"line":49,"column":4},"end":{"line":49,"column":null}},"11":{"start":{"line":49,"column":16},"end":{"line":49,"column":null}},"12":{"start":{"line":53,"column":4},"end":{"line":53,"column":null}},"13":{"start":{"line":53,"column":14},"end":{"line":53,"column":null}},"14":{"start":{"line":54,"column":14},"end":{"line":54,"column":null}},"15":{"start":{"line":55,"column":4},"end":{"line":55,"column":null}},"16":{"start":{"line":55,"column":53},"end":{"line":55,"column":null}},"17":{"start":{"line":56,"column":4},"end":{"line":56,"column":null}},"18":{"start":{"line":56,"column":54},"end":{"line":56,"column":null}},"19":{"start":{"line":57,"column":4},"end":{"line":57,"column":null}},"20":{"start":{"line":57,"column":55},"end":{"line":57,"column":null}},"21":{"start":{"line":58,"column":4},"end":{"line":58,"column":null}},"22":{"start":{"line":62,"column":4},"end":{"line":67,"column":null}},"23":{"start":{"line":63,"column":24},"end":{"line":63,"column":null}},"24":{"start":{"line":64,"column":23},"end":{"line":64,"column":null}},"25":{"start":{"line":65,"column":26},"end":{"line":65,"column":null}},"26":{"start":{"line":66,"column":15},"end":{"line":66,"column":null}},"27":{"start":{"line":71,"column":4},"end":{"line":71,"column":null}},"28":{"start":{"line":72,"column":20},"end":{"line":72,"column":null}},"29":{"start":{"line":74,"column":28},"end":{"line":77,"column":null}},"30":{"start":{"line":79,"column":4},"end":{"line":90,"column":null}},"31":{"start":{"line":80,"column":6},"end":{"line":80,"column":null}},"32":{"start":{"line":81,"column":6},"end":{"line":81,"column":null}},"33":{"start":{"line":82,"column":6},"end":{"line":89,"column":null}},"34":{"start":{"line":93,"column":23},"end":{"line":97,"column":null}},"35":{"start":{"line":94,"column":14},"end":{"line":94,"column":null}},"36":{"start":{"line":95,"column":4},"end":{"line":95,"column":null}},"37":{"start":{"line":96,"column":4},"end":{"line":96,"column":null}},"38":{"start":{"line":99,"column":24},"end":{"line":107,"column":null}},"39":{"start":{"line":100,"column":18},"end":{"line":100,"column":null}},"40":{"start":{"line":101,"column":4},"end":{"line":101,"column":null}},"41":{"start":{"line":102,"column":4},"end":{"line":106,"column":null}},"42":{"start":{"line":103,"column":16},"end":{"line":103,"column":null}},"43":{"start":{"line":104,"column":6},"end":{"line":104,"column":null}},"44":{"start":{"line":105,"column":6},"end":{"line":105,"column":null}},"45":{"start":{"line":109,"column":32},"end":{"line":112,"column":null}},"46":{"start":{"line":110,"column":20},"end":{"line":110,"column":null}},"47":{"start":{"line":111,"column":4},"end":{"line":111,"column":null}},"48":{"start":{"line":111,"column":38},"end":{"line":111,"column":56}},"49":{"start":{"line":114,"column":16},"end":{"line":114,"column":null}},"50":{"start":{"line":114,"column":53},"end":{"line":114,"column":58}},"51":{"start":{"line":115,"column":26},"end":{"line":115,"column":null}},"52":{"start":{"line":117,"column":2},"end":{"line":233,"column":null}},"53":{"start":{"line":131,"column":33},"end":{"line":131,"column":51}},"54":{"start":{"line":132,"column":33},"end":{"line":132,"column":50}},"55":{"start":{"line":135,"column":35},"end":{"line":135,"column":54}},"56":{"start":{"line":142,"column":29},"end":{"line":142,"column":null}},"57":{"start":{"line":154,"column":12},"end":{"line":156,"column":null}},"58":{"start":{"line":161,"column":10},"end":{"line":184,"column":null}},"59":{"start":{"line":164,"column":14},"end":{"line":182,"column":null}},"60":{"start":{"line":166,"column":31},"end":{"line":166,"column":80}},"61":{"start":{"line":168,"column":33},"end":{"line":168,"column":null}},"62":{"start":{"line":169,"column":20},"end":{"line":179,"column":null}},"63":{"start":{"line":174,"column":39},"end":{"line":174,"column":null}},"64":{"start":{"line":189,"column":54},"end":{"line":189,"column":null}},"65":{"start":{"line":190,"column":49},"end":{"line":190,"column":null}},"66":{"start":{"line":195,"column":31},"end":{"line":195,"column":null}},"67":{"start":{"line":199,"column":31},"end":{"line":199,"column":null}},"68":{"start":{"line":203,"column":31},"end":{"line":203,"column":null}},"69":{"start":{"line":206,"column":40},"end":{"line":206,"column":68}},"70":{"start":{"line":210,"column":31},"end":{"line":210,"column":null}},"71":{"start":{"line":214,"column":31},"end":{"line":214,"column":null}},"72":{"start":{"line":223,"column":54},"end":{"line":223,"column":null}},"73":{"start":{"line":224,"column":49},"end":{"line":224,"column":null}}},"fnMap":{"0":{"name":"CalendrierRdv","decl":{"start":{"line":14,"column":24},"end":{"line":14,"column":40}},"loc":{"start":{"line":14,"column":40},"end":{"line":235,"column":null}},"line":14},"1":{"name":"(anonymous_1)","decl":{"start":{"line":39,"column":12},"end":{"line":39,"column":18}},"loc":{"start":{"line":39,"column":18},"end":{"line":41,"column":5}},"line":39},"2":{"name":"fetchAppointments","decl":{"start":{"line":43,"column":17},"end":{"line":43,"column":37}},"loc":{"start":{"line":43,"column":37},"end":{"line":50,"column":null}},"line":43},"3":{"name":"normalizeStatus","decl":{"start":{"line":52,"column":11},"end":{"line":52,"column":27}},"loc":{"start":{"line":52,"column":32},"end":{"line":59,"column":null}},"line":52},"4":{"name":"statusMeta","decl":{"start":{"line":61,"column":11},"end":{"line":61,"column":22}},"loc":{"start":{"line":61,"column":27},"end":{"line":68,"column":null}},"line":61},"5":{"name":"handleAddAppointment","decl":{"start":{"line":70,"column":17},"end":{"line":70,"column":38}},"loc":{"start":{"line":70,"column":41},"end":{"line":91,"column":null}},"line":70},"6":{"name":"(anonymous_6)","decl":{"start":{"line":93,"column":23},"end":{"line":93,"column":24}},"loc":{"start":{"line":93,"column":32},"end":{"line":97,"column":null}},"line":93},"7":{"name":"(anonymous_7)","decl":{"start":{"line":99,"column":24},"end":{"line":99,"column":30}},"loc":{"start":{"line":99,"column":30},"end":{"line":107,"column":null}},"line":99},"8":{"name":"(anonymous_8)","decl":{"start":{"line":102,"column":37},"end":{"line":102,"column":38}},"loc":{"start":{"line":102,"column":47},"end":{"line":106,"column":5}},"line":102},"9":{"name":"(anonymous_9)","decl":{"start":{"line":109,"column":32},"end":{"line":109,"column":33}},"loc":{"start":{"line":109,"column":42},"end":{"line":112,"column":null}},"line":109},"10":{"name":"(anonymous_10)","decl":{"start":{"line":111,"column":31},"end":{"line":111,"column":32}},"loc":{"start":{"line":111,"column":38},"end":{"line":111,"column":56}},"line":111},"11":{"name":"(anonymous_11)","decl":{"start":{"line":114,"column":43},"end":{"line":114,"column":44}},"loc":{"start":{"line":114,"column":53},"end":{"line":114,"column":58}},"line":114},"12":{"name":"(anonymous_12)","decl":{"start":{"line":131,"column":27},"end":{"line":131,"column":33}},"loc":{"start":{"line":131,"column":33},"end":{"line":131,"column":51}},"line":131},"13":{"name":"(anonymous_13)","decl":{"start":{"line":132,"column":27},"end":{"line":132,"column":33}},"loc":{"start":{"line":132,"column":33},"end":{"line":132,"column":50}},"line":132},"14":{"name":"(anonymous_14)","decl":{"start":{"line":135,"column":29},"end":{"line":135,"column":35}},"loc":{"start":{"line":135,"column":35},"end":{"line":135,"column":54}},"line":135},"15":{"name":"(anonymous_15)","decl":{"start":{"line":142,"column":23},"end":{"line":142,"column":29}},"loc":{"start":{"line":142,"column":29},"end":{"line":142,"column":null}},"line":142},"16":{"name":"(anonymous_16)","decl":{"start":{"line":153,"column":31},"end":{"line":153,"column":32}},"loc":{"start":{"line":154,"column":12},"end":{"line":156,"column":null}},"line":154},"17":{"name":"(anonymous_17)","decl":{"start":{"line":160,"column":19},"end":{"line":160,"column":20}},"loc":{"start":{"line":161,"column":10},"end":{"line":184,"column":null}},"line":161},"18":{"name":"(anonymous_18)","decl":{"start":{"line":163,"column":33},"end":{"line":163,"column":34}},"loc":{"start":{"line":164,"column":14},"end":{"line":182,"column":null}},"line":164},"19":{"name":"(anonymous_19)","decl":{"start":{"line":166,"column":26},"end":{"line":166,"column":31}},"loc":{"start":{"line":166,"column":31},"end":{"line":166,"column":80}},"line":166},"20":{"name":"(anonymous_20)","decl":{"start":{"line":167,"column":23},"end":{"line":167,"column":24}},"loc":{"start":{"line":167,"column":32},"end":{"line":181,"column":19}},"line":167},"21":{"name":"(anonymous_21)","decl":{"start":{"line":174,"column":33},"end":{"line":174,"column":39}},"loc":{"start":{"line":174,"column":39},"end":{"line":174,"column":null}},"line":174},"22":{"name":"(anonymous_22)","decl":{"start":{"line":189,"column":48},"end":{"line":189,"column":54}},"loc":{"start":{"line":189,"column":54},"end":{"line":189,"column":null}},"line":189},"23":{"name":"(anonymous_23)","decl":{"start":{"line":190,"column":42},"end":{"line":190,"column":43}},"loc":{"start":{"line":190,"column":49},"end":{"line":190,"column":null}},"line":190},"24":{"name":"(anonymous_24)","decl":{"start":{"line":195,"column":26},"end":{"line":195,"column":31}},"loc":{"start":{"line":195,"column":31},"end":{"line":195,"column":null}},"line":195},"25":{"name":"(anonymous_25)","decl":{"start":{"line":199,"column":26},"end":{"line":199,"column":31}},"loc":{"start":{"line":199,"column":31},"end":{"line":199,"column":null}},"line":199},"26":{"name":"(anonymous_26)","decl":{"start":{"line":203,"column":26},"end":{"line":203,"column":31}},"loc":{"start":{"line":203,"column":31},"end":{"line":203,"column":null}},"line":203},"27":{"name":"(anonymous_27)","decl":{"start":{"line":206,"column":30},"end":{"line":206,"column":31}},"loc":{"start":{"line":206,"column":40},"end":{"line":206,"column":68}},"line":206},"28":{"name":"(anonymous_28)","decl":{"start":{"line":210,"column":26},"end":{"line":210,"column":31}},"loc":{"start":{"line":210,"column":31},"end":{"line":210,"column":null}},"line":210},"29":{"name":"(anonymous_29)","decl":{"start":{"line":214,"column":26},"end":{"line":214,"column":31}},"loc":{"start":{"line":214,"column":31},"end":{"line":214,"column":null}},"line":214},"30":{"name":"(anonymous_30)","decl":{"start":{"line":223,"column":48},"end":{"line":223,"column":54}},"loc":{"start":{"line":223,"column":54},"end":{"line":223,"column":null}},"line":223},"31":{"name":"(anonymous_31)","decl":{"start":{"line":224,"column":42},"end":{"line":224,"column":43}},"loc":{"start":{"line":224,"column":49},"end":{"line":224,"column":null}},"line":224}},"branchMap":{"0":{"loc":{"start":{"line":49,"column":4},"end":{"line":49,"column":null}},"type":"if","locations":[{"start":{"line":49,"column":4},"end":{"line":49,"column":null}},{"start":{},"end":{}}],"line":49},"1":{"loc":{"start":{"line":49,"column":32},"end":{"line":49,"column":42}},"type":"binary-expr","locations":[{"start":{"line":49,"column":32},"end":{"line":49,"column":40}},{"start":{"line":49,"column":40},"end":{"line":49,"column":42}}],"line":49},"2":{"loc":{"start":{"line":53,"column":4},"end":{"line":53,"column":null}},"type":"if","locations":[{"start":{"line":53,"column":4},"end":{"line":53,"column":null}},{"start":{},"end":{}}],"line":53},"3":{"loc":{"start":{"line":55,"column":4},"end":{"line":55,"column":null}},"type":"if","locations":[{"start":{"line":55,"column":4},"end":{"line":55,"column":null}},{"start":{},"end":{}}],"line":55},"4":{"loc":{"start":{"line":55,"column":8},"end":{"line":55,"column":53}},"type":"binary-expr","locations":[{"start":{"line":55,"column":8},"end":{"line":55,"column":31}},{"start":{"line":55,"column":31},"end":{"line":55,"column":53}}],"line":55},"5":{"loc":{"start":{"line":56,"column":4},"end":{"line":56,"column":null}},"type":"if","locations":[{"start":{"line":56,"column":4},"end":{"line":56,"column":null}},{"start":{},"end":{}}],"line":56},"6":{"loc":{"start":{"line":56,"column":8},"end":{"line":56,"column":54}},"type":"binary-expr","locations":[{"start":{"line":56,"column":8},"end":{"line":56,"column":30}},{"start":{"line":56,"column":30},"end":{"line":56,"column":54}}],"line":56},"7":{"loc":{"start":{"line":57,"column":4},"end":{"line":57,"column":null}},"type":"if","locations":[{"start":{"line":57,"column":4},"end":{"line":57,"column":null}},{"start":{},"end":{}}],"line":57},"8":{"loc":{"start":{"line":57,"column":8},"end":{"line":57,"column":55}},"type":"binary-expr","locations":[{"start":{"line":57,"column":8},"end":{"line":57,"column":31}},{"start":{"line":57,"column":31},"end":{"line":57,"column":55}}],"line":57},"9":{"loc":{"start":{"line":62,"column":4},"end":{"line":67,"column":null}},"type":"switch","locations":[{"start":{"line":63,"column":6},"end":{"line":63,"column":null}},{"start":{"line":64,"column":6},"end":{"line":64,"column":null}},{"start":{"line":65,"column":6},"end":{"line":65,"column":null}},{"start":{"line":66,"column":6},"end":{"line":66,"column":null}}],"line":62},"10":{"loc":{"start":{"line":79,"column":4},"end":{"line":90,"column":null}},"type":"if","locations":[{"start":{"line":79,"column":4},"end":{"line":90,"column":null}},{"start":{},"end":{}}],"line":79},"11":{"loc":{"start":{"line":120,"column":7},"end":{"line":123,"column":null}},"type":"binary-expr","locations":[{"start":{"line":120,"column":7},"end":{"line":120,"column":null}},{"start":{"line":121,"column":8},"end":{"line":123,"column":null}}],"line":120},"12":{"loc":{"start":{"line":134,"column":11},"end":{"line":145,"column":null}},"type":"cond-expr","locations":[{"start":{"line":135,"column":12},"end":{"line":137,"column":null}},{"start":{"line":139,"column":12},"end":{"line":145,"column":null}}],"line":134},"13":{"loc":{"start":{"line":166,"column":31},"end":{"line":166,"column":80}},"type":"binary-expr","locations":[{"start":{"line":166,"column":31},"end":{"line":166,"column":41}},{"start":{"line":166,"column":41},"end":{"line":166,"column":80}}],"line":166},"14":{"loc":{"start":{"line":188,"column":7},"end":{"line":219,"column":null}},"type":"binary-expr","locations":[{"start":{"line":188,"column":7},"end":{"line":188,"column":19}},{"start":{"line":188,"column":19},"end":{"line":188,"column":null}},{"start":{"line":189,"column":8},"end":{"line":219,"column":null}}],"line":188},"15":{"loc":{"start":{"line":222,"column":7},"end":{"line":231,"column":null}},"type":"binary-expr","locations":[{"start":{"line":222,"column":7},"end":{"line":222,"column":null}},{"start":{"line":223,"column":8},"end":{"line":231,"column":null}}],"line":222}},"s":{"0":30,"1":30,"2":30,"3":30,"4":30,"5":30,"6":30,"7":30,"8":12,"9":12,"10":12,"11":12,"12":12,"13":0,"14":12,"15":12,"16":2,"17":10,"18":0,"19":10,"20":1,"21":9,"22":12,"23":2,"24":0,"25":1,"26":9,"27":0,"28":0,"29":0,"30":0,"31":0,"32":0,"33":0,"34":30,"35":2,"36":2,"37":2,"38":30,"39":420,"40":420,"41":420,"42":2940,"43":2940,"44":2940,"45":30,"46":2730,"47":2730,"48":1092,"49":30,"50":390,"51":30,"52":30,"53":1,"54":1,"55":3,"56":1,"57":210,"58":390,"59":2730,"60":156,"61":12,"62":12,"63":2,"64":0,"65":0,"66":0,"67":0,"68":0,"69":20,"70":0,"71":0,"72":0,"73":0},"f":{"0":30,"1":12,"2":12,"3":12,"4":12,"5":0,"6":2,"7":420,"8":2940,"9":2730,"10":1092,"11":390,"12":1,"13":1,"14":3,"15":1,"16":210,"17":390,"18":2730,"19":156,"20":12,"21":2,"22":0,"23":0,"24":0,"25":0,"26":0,"27":20,"28":0,"29":0,"30":0,"31":0},"b":{"0":[12,0],"1":[12,0],"2":[0,12],"3":[2,10],"4":[12,10],"5":[0,10],"6":[10,10],"7":[1,9],"8":[10,9],"9":[2,0,1,9],"10":[0,0],"11":[30,9],"12":[21,9],"13":[156,156],"14":[30,4,4],"15":[30,2]},"meta":{"lastBranch":16,"lastFunction":32,"lastStatement":74,"seen":{"f:14:24:14:40":0,"s:15:15:15:Infinity":0,"s:17:38:17:Infinity":1,"s:18:36:18:Infinity":2,"s:19:52:19:Infinity":3,"s:20:30:20:Infinity":4,"s:22:42:29:Infinity":5,"s:31:19:37:Infinity":6,"s:39:2:41:Infinity":7,"f:39:12:39:18":1,"s:40:4:40:Infinity":8,"f:43:17:43:37":2,"s:44:28:47:Infinity":9,"b:49:4:49:Infinity:undefined:undefined:undefined:undefined":0,"s:49:4:49:Infinity":10,"s:49:16:49:Infinity":11,"b:49:32:49:40:49:40:49:42":1,"f:52:11:52:27":3,"b:53:4:53:Infinity:undefined:undefined:undefined:undefined":2,"s:53:4:53:Infinity":12,"s:53:14:53:Infinity":13,"s:54:14:54:Infinity":14,"b:55:4:55:Infinity:undefined:undefined:undefined:undefined":3,"s:55:4:55:Infinity":15,"b:55:8:55:31:55:31:55:53":4,"s:55:53:55:Infinity":16,"b:56:4:56:Infinity:undefined:undefined:undefined:undefined":5,"s:56:4:56:Infinity":17,"b:56:8:56:30:56:30:56:54":6,"s:56:54:56:Infinity":18,"b:57:4:57:Infinity:undefined:undefined:undefined:undefined":7,"s:57:4:57:Infinity":19,"b:57:8:57:31:57:31:57:55":8,"s:57:55:57:Infinity":20,"s:58:4:58:Infinity":21,"f:61:11:61:22":4,"b:63:6:63:Infinity:64:6:64:Infinity:65:6:65:Infinity:66:6:66:Infinity":9,"s:62:4:67:Infinity":22,"s:63:24:63:Infinity":23,"s:64:23:64:Infinity":24,"s:65:26:65:Infinity":25,"s:66:15:66:Infinity":26,"f:70:17:70:38":5,"s:71:4:71:Infinity":27,"s:72:20:72:Infinity":28,"s:74:28:77:Infinity":29,"b:79:4:90:Infinity:undefined:undefined:undefined:undefined":10,"s:79:4:90:Infinity":30,"s:80:6:80:Infinity":31,"s:81:6:81:Infinity":32,"s:82:6:89:Infinity":33,"s:93:23:97:Infinity":34,"f:93:23:93:24":6,"s:94:14:94:Infinity":35,"s:95:4:95:Infinity":36,"s:96:4:96:Infinity":37,"s:99:24:107:Infinity":38,"f:99:24:99:30":7,"s:100:18:100:Infinity":39,"s:101:4:101:Infinity":40,"s:102:4:106:Infinity":41,"f:102:37:102:38":8,"s:103:16:103:Infinity":42,"s:104:6:104:Infinity":43,"s:105:6:105:Infinity":44,"s:109:32:112:Infinity":45,"f:109:32:109:33":9,"s:110:20:110:Infinity":46,"s:111:4:111:Infinity":47,"f:111:31:111:32":10,"s:111:38:111:56":48,"s:114:16:114:Infinity":49,"f:114:43:114:44":11,"s:114:53:114:58":50,"s:115:26:115:Infinity":51,"s:117:2:233:Infinity":52,"b:120:7:120:Infinity:121:8:123:Infinity":11,"f:131:27:131:33":12,"s:131:33:131:51":53,"f:132:27:132:33":13,"s:132:33:132:50":54,"b:135:12:137:Infinity:139:12:145:Infinity":12,"f:135:29:135:35":14,"s:135:35:135:54":55,"f:142:23:142:29":15,"s:142:29:142:Infinity":56,"f:153:31:153:32":16,"s:154:12:156:Infinity":57,"f:160:19:160:20":17,"s:161:10:184:Infinity":58,"f:163:33:163:34":18,"s:164:14:182:Infinity":59,"f:166:26:166:31":19,"s:166:31:166:80":60,"b:166:31:166:41:166:41:166:80":13,"f:167:23:167:24":20,"s:168:33:168:Infinity":61,"s:169:20:179:Infinity":62,"f:174:33:174:39":21,"s:174:39:174:Infinity":63,"b:188:7:188:19:188:19:188:Infinity:189:8:219:Infinity":14,"f:189:48:189:54":22,"s:189:54:189:Infinity":64,"f:190:42:190:43":23,"s:190:49:190:Infinity":65,"f:195:26:195:31":24,"s:195:31:195:Infinity":66,"f:199:26:199:31":25,"s:199:31:199:Infinity":67,"f:203:26:203:31":26,"s:203:31:203:Infinity":68,"f:206:30:206:31":27,"s:206:40:206:68":69,"f:210:26:210:31":28,"s:210:31:210:Infinity":70,"f:214:26:214:31":29,"s:214:31:214:Infinity":71,"b:222:7:222:Infinity:223:8:231:Infinity":15,"f:223:48:223:54":30,"s:223:54:223:Infinity":72,"f:224:42:224:43":31,"s:224:49:224:Infinity":73}}}
,"/Users/ayahafiane/Desktop/Projet-en-developpement-main (7)/Projet-en-developpement-main/Projet-en-developpement-aya/src/frontend/signup/Signup.css": {"path":"/Users/ayahafiane/Desktop/Projet-en-developpement-main (7)/Projet-en-developpement-main/Projet-en-developpement-aya/src/frontend/signup/Signup.css","statementMap":{},"fnMap":{},"branchMap":{},"s":{},"f":{},"b":{},"meta":{"lastBranch":0,"lastFunction":0,"lastStatement":0,"seen":{}}}
,"/Users/ayahafiane/Desktop/Projet-en-developpement-main (7)/Projet-en-developpement-main/Projet-en-developpement-aya/src/frontend/signup/Signup.jsx": {"path":"/Users/ayahafiane/Desktop/Projet-en-developpement-main (7)/Projet-en-developpement-main/Projet-en-developpement-aya/src/frontend/signup/Signup.jsx","statementMap":{"0":{"start":{"line":6,"column":8},"end":{"line":6,"column":null}},"1":{"start":{"line":8,"column":42},"end":{"line":8,"column":null}},"2":{"start":{"line":9,"column":46},"end":{"line":9,"column":null}},"3":{"start":{"line":10,"column":22},"end":{"line":10,"column":null}},"4":{"start":{"line":11,"column":28},"end":{"line":11,"column":null}},"5":{"start":{"line":12,"column":36},"end":{"line":12,"column":null}},"6":{"start":{"line":15,"column":4},"end":{"line":21,"column":null}},"7":{"start":{"line":26,"column":4},"end":{"line":26,"column":null}},"8":{"start":{"line":27,"column":15},"end":{"line":27,"column":null}},"9":{"start":{"line":28,"column":17},"end":{"line":28,"column":null}},"10":{"start":{"line":30,"column":4},"end":{"line":33,"column":null}},"11":{"start":{"line":31,"column":6},"end":{"line":31,"column":null}},"12":{"start":{"line":32,"column":6},"end":{"line":32,"column":null}},"13":{"start":{"line":34,"column":4},"end":{"line":34,"column":null}},"14":{"start":{"line":36,"column":4},"end":{"line":39,"column":null}},"15":{"start":{"line":37,"column":6},"end":{"line":37,"column":null}},"16":{"start":{"line":38,"column":6},"end":{"line":38,"column":null}},"17":{"start":{"line":40,"column":4},"end":{"line":40,"column":null}},"18":{"start":{"line":42,"column":4},"end":{"line":42,"column":null}},"19":{"start":{"line":42,"column":29},"end":{"line":42,"column":null}},"20":{"start":{"line":44,"column":4},"end":{"line":44,"column":null}},"21":{"start":{"line":46,"column":4},"end":{"line":68,"column":null}},"22":{"start":{"line":47,"column":18},"end":{"line":55,"column":null}},"23":{"start":{"line":57,"column":6},"end":{"line":60,"column":null}},"24":{"start":{"line":58,"column":20},"end":{"line":58,"column":null}},"25":{"start":{"line":59,"column":8},"end":{"line":59,"column":null}},"26":{"start":{"line":62,"column":6},"end":{"line":62,"column":null}},"27":{"start":{"line":63,"column":6},"end":{"line":63,"column":null}},"28":{"start":{"line":65,"column":6},"end":{"line":65,"column":null}},"29":{"start":{"line":67,"column":6},"end":{"line":67,"column":null}},"30":{"start":{"line":71,"column":2},"end":{"line":175,"column":null}},"31":{"start":{"line":76,"column":21},"end":{"line":76,"column":null}},"32":{"start":{"line":77,"column":23},"end":{"line":77,"column":null}},"33":{"start":{"line":78,"column":10},"end":{"line":78,"column":null}},"34":{"start":{"line":124,"column":31},"end":{"line":124,"column":null}},"35":{"start":{"line":134,"column":31},"end":{"line":134,"column":null}},"36":{"start":{"line":144,"column":31},"end":{"line":144,"column":null}}},"fnMap":{"0":{"name":"Signup","decl":{"start":{"line":5,"column":24},"end":{"line":5,"column":33}},"loc":{"start":{"line":5,"column":33},"end":{"line":177,"column":null}},"line":5},"1":{"name":"validateForm","decl":{"start":{"line":14,"column":11},"end":{"line":14,"column":24}},"loc":{"start":{"line":14,"column":30},"end":{"line":23,"column":null}},"line":14},"2":{"name":"handleSubmit","decl":{"start":{"line":25,"column":17},"end":{"line":25,"column":30}},"loc":{"start":{"line":25,"column":33},"end":{"line":69,"column":null}},"line":25},"3":{"name":"(anonymous_3)","decl":{"start":{"line":75,"column":18},"end":{"line":75,"column":19}},"loc":{"start":{"line":75,"column":25},"end":{"line":79,"column":null}},"line":75},"4":{"name":"(anonymous_4)","decl":{"start":{"line":124,"column":24},"end":{"line":124,"column":25}},"loc":{"start":{"line":124,"column":31},"end":{"line":124,"column":null}},"line":124},"5":{"name":"(anonymous_5)","decl":{"start":{"line":134,"column":24},"end":{"line":134,"column":25}},"loc":{"start":{"line":134,"column":31},"end":{"line":134,"column":null}},"line":134},"6":{"name":"(anonymous_6)","decl":{"start":{"line":144,"column":24},"end":{"line":144,"column":25}},"loc":{"start":{"line":144,"column":31},"end":{"line":144,"column":null}},"line":144}},"branchMap":{"0":{"loc":{"start":{"line":16,"column":6},"end":{"line":21,"column":null}},"type":"binary-expr","locations":[{"start":{"line":16,"column":6},"end":{"line":16,"column":null}},{"start":{"line":17,"column":6},"end":{"line":17,"column":null}},{"start":{"line":18,"column":6},"end":{"line":18,"column":null}},{"start":{"line":19,"column":6},"end":{"line":19,"column":null}},{"start":{"line":20,"column":6},"end":{"line":20,"column":null}},{"start":{"line":21,"column":6},"end":{"line":21,"column":null}}],"line":16},"1":{"loc":{"start":{"line":30,"column":4},"end":{"line":33,"column":null}},"type":"if","locations":[{"start":{"line":30,"column":4},"end":{"line":33,"column":null}},{"start":{},"end":{}}],"line":30},"2":{"loc":{"start":{"line":36,"column":4},"end":{"line":39,"column":null}},"type":"if","locations":[{"start":{"line":36,"column":4},"end":{"line":39,"column":null}},{"start":{},"end":{}}],"line":36},"3":{"loc":{"start":{"line":42,"column":4},"end":{"line":42,"column":null}},"type":"if","locations":[{"start":{"line":42,"column":4},"end":{"line":42,"column":null}},{"start":{},"end":{}}],"line":42},"4":{"loc":{"start":{"line":57,"column":6},"end":{"line":60,"column":null}},"type":"if","locations":[{"start":{"line":57,"column":6},"end":{"line":60,"column":null}},{"start":{},"end":{}}],"line":57},"5":{"loc":{"start":{"line":59,"column":24},"end":{"line":59,"column":75}},"type":"binary-expr","locations":[{"start":{"line":59,"column":24},"end":{"line":59,"column":37}},{"start":{"line":59,"column":37},"end":{"line":59,"column":75}}],"line":59},"6":{"loc":{"start":{"line":93,"column":11},"end":{"line":96,"column":null}},"type":"binary-expr","locations":[{"start":{"line":93,"column":11},"end":{"line":93,"column":null}},{"start":{"line":94,"column":12},"end":{"line":96,"column":null}}],"line":93},"7":{"loc":{"start":{"line":108,"column":11},"end":{"line":111,"column":null}},"type":"binary-expr","locations":[{"start":{"line":108,"column":11},"end":{"line":108,"column":null}},{"start":{"line":109,"column":12},"end":{"line":111,"column":null}}],"line":108},"8":{"loc":{"start":{"line":171,"column":13},"end":{"line":171,"column":null}},"type":"cond-expr","locations":[{"start":{"line":171,"column":23},"end":{"line":171,"column":39}},{"start":{"line":171,"column":39},"end":{"line":171,"column":null}}],"line":171}},"s":{"0":41,"1":41,"2":41,"3":41,"4":41,"5":41,"6":30,"7":5,"8":5,"9":5,"10":5,"11":1,"12":1,"13":4,"14":4,"15":1,"16":1,"17":3,"18":3,"19":0,"20":3,"21":3,"22":3,"23":3,"24":0,"25":0,"26":3,"27":3,"28":0,"29":3,"30":41,"31":27,"32":27,"33":27,"34":0,"35":0,"36":0},"f":{"0":41,"1":30,"2":5,"3":27,"4":0,"5":0,"6":0},"b":{"0":[30,30,23,16,14,12],"1":[1,4],"2":[1,3],"3":[0,3],"4":[0,3],"5":[0,0],"6":[41,1],"7":[41,1],"8":[3,38]},"meta":{"lastBranch":9,"lastFunction":7,"lastStatement":37,"seen":{"f:5:24:5:33":0,"s:6:8:6:Infinity":0,"s:8:42:8:Infinity":1,"s:9:46:9:Infinity":2,"s:10:22:10:Infinity":3,"s:11:28:11:Infinity":4,"s:12:36:12:Infinity":5,"f:14:11:14:24":1,"s:15:4:21:Infinity":6,"b:16:6:16:Infinity:17:6:17:Infinity:18:6:18:Infinity:19:6:19:Infinity:20:6:20:Infinity:21:6:21:Infinity":0,"f:25:17:25:30":2,"s:26:4:26:Infinity":7,"s:27:15:27:Infinity":8,"s:28:17:28:Infinity":9,"b:30:4:33:Infinity:undefined:undefined:undefined:undefined":1,"s:30:4:33:Infinity":10,"s:31:6:31:Infinity":11,"s:32:6:32:Infinity":12,"s:34:4:34:Infinity":13,"b:36:4:39:Infinity:undefined:undefined:undefined:undefined":2,"s:36:4:39:Infinity":14,"s:37:6:37:Infinity":15,"s:38:6:38:Infinity":16,"s:40:4:40:Infinity":17,"b:42:4:42:Infinity:undefined:undefined:undefined:undefined":3,"s:42:4:42:Infinity":18,"s:42:29:42:Infinity":19,"s:44:4:44:Infinity":20,"s:46:4:68:Infinity":21,"s:47:18:55:Infinity":22,"b:57:6:60:Infinity:undefined:undefined:undefined:undefined":4,"s:57:6:60:Infinity":23,"s:58:20:58:Infinity":24,"s:59:8:59:Infinity":25,"b:59:24:59:37:59:37:59:75":5,"s:62:6:62:Infinity":26,"s:63:6:63:Infinity":27,"s:65:6:65:Infinity":28,"s:67:6:67:Infinity":29,"s:71:2:175:Infinity":30,"f:75:18:75:19":3,"s:76:21:76:Infinity":31,"s:77:23:77:Infinity":32,"s:78:10:78:Infinity":33,"b:93:11:93:Infinity:94:12:96:Infinity":6,"b:108:11:108:Infinity:109:12:111:Infinity":7,"f:124:24:124:25":4,"s:124:31:124:Infinity":34,"f:134:24:134:25":5,"s:134:31:134:Infinity":35,"f:144:24:144:25":6,"s:144:31:144:Infinity":36,"b:171:23:171:39:171:39:171:Infinity":8}}}
}
